[13:10:45] [ForkJoinPool-1-worker-3/WARN] (Fabric|Loader) The mod "autoconfig1u" contains invalid entries in its mod json:
- Unsupported root entry "$schema" at line 2 column 12
[13:10:45] [ForkJoinPool-1-worker-3/WARN] (ModMetadataParser) "fabric.mod.json" from mod autoconfig1u did not have "schemaVersion" as first field.
[13:10:45] [main/WARN] (Fabric|Loader) Warnings were found! 
 - Mod 'Manhunt Fabric' (manhunt) recommends any version of mod luckperms, which is missing!
	 - You must install any version of luckperms.
[13:10:45] [main/INFO] (Fabric|Loader) [FabricLoader] Loading 55 mods: fabric-renderer-api-v1@0.4.0+cbe9176f3a, fabric-keybindings-v0@0.2.0+6a2618f53a, fabricloader@0.11.0, fabric-structure-api-v1@1.1.3+cbe9176f3a, fabric-containers-v0@0.1.9+a03e98793a, fabric-dimensions-v1@2.0.1+9a6c75813a, fabric-object-builder-api-v1@1.9.2+6a2618f53a, java@15, fabric-game-rule-api-v1@1.0.5+cbe9176f3a, fabric-api-base@0.2.0+ab87788d3a, fabric-rendering-data-attachment-v1@0.1.4+6a2618f53a, manhunt@${version}, fabric-textures-v0@1.0.5+6a2618f53a, fabric-rendering-fluids-v1@0.1.12+6a2618f53a, manhunt-base@${version}, aegis@1.0.1, fabric-blockrenderlayer-v1@1.1.4+6a2618f53a, fabric-lifecycle-events-v1@1.2.0+ffb68a873a, fabric-renderer-registries-v1@2.2.0+6a2618f53a, fabric-loot-tables-v1@1.0.1+6a2618f53a, fabric@0.29.3+1.16, carpet@1.4.23, fabric-particles-v1@0.2.3+cbe9176f3a, fabric-networking-v0@0.3.1+2a4333d33a, fabric-screen-handler-api-v1@1.1.0+6a2618f53a, fabric-networking-blockentity-v0@0.2.7+a03e98793a, minecraft@1.16.5, modmenu@1.14.6+build.31, cloth-basic-math@0.5.1, fabric-command-api-v1@1.0.9+6a2618f53a, manhunt-api@${version}, fabric-tool-attribute-api-v1@1.2.5+6a2618f53a, fabric-renderer-indigo@0.4.3+6a2618f53a, fabric-crash-report-info-v1@0.1.2+b7f9825d3a, fabric-events-interaction-v0@0.4.1+6a2618f53a, fabric-item-api-v1@1.2.0+6a2618f53a, fabric-language-kotlin@1.4.21+build.1, fabric-entity-events-v1@1.0.2+8004b36d3a, fabric-rendering-v0@1.1.1+6a2618f53a, fabric-rendering-v1@1.5.0+c26373133a, fabric-key-binding-api-v1@1.0.1+730711c63a, cloth-config2@4.8.2, autoconfig1u@3.2.2, fabric-resource-loader-v0@0.4.1+0d4d7e343a, fabric-content-registries-v0@0.2.0+e77439c73a, fabric-tag-extensions-v0@1.1.0+e77439c73a, fabric-biome-api-v1@3.1.0+2e23b97c3a, fabric-commands-v0@0.2.1+cbe9176f3a, fabric-registry-sync-v0@0.7.3+be155ae23a, fabric-mining-levels-v0@0.1.2+6a2618f53a, fabric-networking-api-v1@1.0.0+4358fbc63a, fabric-events-lifecycle-v0@0.2.0+6a2618f53a, fabric-item-groups-v0@0.2.2+cbe9176f3a, fabric-models-v0@0.2.0+cbe9176f3a, fabric-object-builders-v0@0.7.1+6a2618f53a
[13:10:53] [main/WARN] (Fabric|Loader) Mod `manhunt` (${version}) does not respect SemVer - comparison support is limited.
[13:10:53] [main/WARN] (Fabric|Loader) Mod `manhunt-base` (${version}) does not respect SemVer - comparison support is limited.
[13:10:53] [main/WARN] (Fabric|Loader) Mod `manhunt-api` (${version}) does not respect SemVer - comparison support is limited.
[13:10:53] [main/INFO] (mixin) SpongePowered MIXIN Subsystem Version=0.8.2 Source=file:/Users/yonatandafna/.gradle/caches/modules-2/files-2.1/net.fabricmc/sponge-mixin/0.8.2+build.24/e5a741445d0f425bf3cce946c6cf8c7fb8376b2/sponge-mixin-0.8.2+build.24.jar Service=Knot/Fabric Env=CLIENT
[13:10:54] [main/INFO] (Fabric|MixinBootstrap) Loaded Fabric development mappings for mixin remapper!
[13:10:54] [main/INFO] (mixin) Remapping refMap fabric-networking-blockentity-v0-refmap.json using remapper chain
[13:10:54] [main/INFO] (mixin) Remapping refMap fabric-screen-handler-api-v1-refmap.json using remapper chain
[13:10:54] [main/INFO] (mixin) Remapping refMap fabric-lifecycle-events-v1-refmap.json using remapper chain
[13:10:54] [main/INFO] (mixin) Remapping refMap fabric-containers-v0-refmap.json using remapper chain
[13:10:54] [main/INFO] (mixin) Remapping refMap fabric-rendering-data-attachment-v1-refmap.json using remapper chain
[13:10:54] [main/INFO] (mixin) Remapping refMap fabric-renderer-indigo-refmap.json using remapper chain
[13:10:54] [main/INFO] (mixin) Remapping refMap fabric-structure-api-v1-refmap.json using remapper chain
[13:10:54] [main/INFO] (mixin) Remapping refMap fabric-events-interaction-v0-refmap.json using remapper chain
[13:10:54] [main/INFO] (mixin) Remapping refMap fabric-item-api-v1-refmap.json using remapper chain
[13:10:54] [main/INFO] (mixin) Remapping refMap fabric-loot-tables-v1-refmap.json using remapper chain
[13:10:54] [main/INFO] (mixin) Remapping refMap fabric-object-builder-api-v1-refmap.json using remapper chain
[13:10:54] [main/INFO] (mixin) Remapping refMap fabric-dimensions-v1-refmap.json using remapper chain
[13:10:54] [main/INFO] (mixin) Remapping refMap fabric-renderer-registries-v1-refmap.json using remapper chain
[13:10:54] [main/INFO] (mixin) Remapping refMap fabric-textures-v0-refmap.json using remapper chain
[13:10:54] [main/INFO] (mixin) Remapping refMap fabric-registry-sync-v0-refmap.json using remapper chain
[13:10:54] [main/INFO] (mixin) Remapping refMap fabric-models-v0-refmap.json using remapper chain
[13:10:54] [main/INFO] (mixin) Remapping refMap fabric-blockrenderlayer-v1-refmap.json using remapper chain
[13:10:54] [main/INFO] (mixin) Remapping refMap fabric-renderer-api-v1-refmap.json using remapper chain
[13:10:54] [main/INFO] (mixin) Remapping refMap fabric-containers-v0-refmap.json using remapper chain
[13:10:54] [main/INFO] (mixin) Remapping refMap fabric-rendering-fluids-v1-refmap.json using remapper chain
[13:10:54] [main/INFO] (mixin) Remapping refMap fabric-biome-api-v1-refmap.json using remapper chain
[13:10:54] [main/INFO] (mixin) Remapping refMap fabric-resource-loader-v0-refmap.json using remapper chain
[13:10:54] [main/INFO] (mixin) Remapping refMap fabric-game-rule-api-v1-refmap.json using remapper chain
[13:10:54] [main/INFO] (mixin) Remapping refMap fabric-networking-api-v1-refmap.json using remapper chain
[13:10:54] [main/INFO] (mixin) Remapping refMap fabric-particles-v1-refmap.json using remapper chain
[13:10:54] [main/INFO] (mixin) Remapping refMap fabric-object-builders-refmap.json using remapper chain
[13:10:54] [main/INFO] (mixin) Remapping refMap fabric-tag-extensions-v0-refmap.json using remapper chain
[13:10:54] [main/INFO] (mixin) Remapping refMap fabric-tool-attribute-api-v1-refmap.json using remapper chain
[13:10:54] [main/INFO] (mixin) Remapping refMap fabric-rendering-v1-refmap.json using remapper chain
[13:10:54] [main/INFO] (mixin) Remapping refMap fabric-item-groups-v0-refmap.json using remapper chain
[13:10:54] [main/INFO] (mixin) Remapping refMap fabric-content-registries-v0-refmap.json using remapper chain
[13:10:54] [main/INFO] (mixin) Remapping refMap fabric-command-api-v1-refmap.json using remapper chain
[13:10:54] [main/INFO] (mixin) Remapping refMap fabric-crash-report-info-v1-refmap.json using remapper chain
[13:10:54] [main/INFO] (mixin) Remapping refMap fabric-carpet-refmap.json using remapper chain
[13:10:54] [main/INFO] (mixin) Remapping refMap fabric-entity-events-v1-refmap.json using remapper chain
[13:10:54] [main/INFO] (mixin) Remapping refMap fabric-key-binding-api-v1-refmap.json using remapper chain
[13:10:54] [main/INFO] (mixin) Remapping refMap fabric-renderer-api-v1-refmap.json using remapper chain
[13:10:54] [main/INFO] (mixin) Remapping refMap modmenu.refmap.json using remapper chain
[13:10:55] [main/WARN] (mixin) @Mixin target net/minecraft/client/render/block/BlockModelRenderer$AmbientOcclusionCalculator is public in fabric-renderer-indigo.mixins.json:MixinAmbientOcclusionCalculator and should be specified in value
[13:10:55] [main/WARN] (mixin) @Mixin target net/minecraft/client/render/chunk/ChunkBuilder$BuiltChunk$RebuildTask is public in fabric-renderer-indigo.mixins.json:MixinChunkRebuildTask and should be specified in value
[13:10:55] [main/WARN] (mixin) @Mixin target net/minecraft/village/TradeOffers$TypeAwareBuyForOneEmeraldFactory is public in fabric-object-builder-v1.mixins.json:TypeAwareTradeMixin and should be specified in value
[13:10:55] [main/WARN] (mixin) @Mixin target net/minecraft/client/font/FontManager$1 is public in fabric-resource-loader-v0.mixins.json:client.FontManagerResourceReloadListenerMixin and should be specified in value
[13:10:55] [main/WARN] (mixin) @Mixin target net/minecraft/server/command/GameRuleCommand$1 is public in fabric-game-rule-api-v1.mixins.json:GameRuleCommandVisitorMixin and should be specified in value
[13:10:55] [main/WARN] (mixin) @Mixin target net/minecraft/client/gui/screen/world/EditGameRulesScreen$RuleListWidget$1 is public in fabric-game-rule-api-v1.mixins.json:client.RuleListWidgetVisitorMixin and should be specified in value
[13:10:55] [main/WARN] (mixin) @Mixin target net/minecraft/server/world/ThreadedAnvilChunkStorage$EntityTracker is public in fabric-networking-api-v1.mixins.json:accessor.EntityTrackerAccessor and should be specified in value
[13:10:55] [main/WARN] (mixin) @Mixin target net/minecraft/client/particle/ParticleManager$SimpleSpriteProvider is public in fabric-particles-v1.mixins.json:ParticleManagerAccessor$SimpleSpriteProviderAccessor and should be specified in value
[13:10:55] [main/WARN] (mixin) @Mixin target net/minecraft/tag/Tag$1 is public in fabric-tag-extensions-v0.mixins.json:MixinTagImpl and should be specified in value
[13:10:55] [main/WARN] (mixin) @Mixin target net/minecraft/tag/RequiredTagList$TagWrapper is public in fabric-tag-extensions-v0.mixins.json:MixinTagImpl and should be specified in value
[13:10:56] [main/WARN] (mixin) @Mixin target net/minecraft/entity/mob/BlazeEntity$ShootFireballGoal is public in carpet.mixins.json:BlazeEntityShootFireballGoal_extremeMixin and should be specified in value
[13:10:56] [main/WARN] (mixin) @Mixin target net/minecraft/command/argument/BlockPredicateArgumentType$StatePredicate is public in carpet.mixins.json:StatePredicate_scarpetMixin and should be specified in value
[13:10:56] [main/WARN] (mixin) @Mixin target net/minecraft/command/argument/BlockPredicateArgumentType$TagPredicate is public in carpet.mixins.json:TagPredicate_scarpetMixin and should be specified in value
[13:10:56] [main/WARN] (mixin) @Mixin target net/minecraft/client/sound/SoundEngine$SourceSetImpl is public in carpet.mixins.json:SoundEngineInt_cleanLogsMixin and should be specified in value
[13:10:56] [main/WARN] (mixin) @Mixin target net/minecraft/client/gui/widget/EntryListWidget$Entries is public in mixins.modmenu.json:MixinEntryListWidgetEntries and should be specified in value
[13:11:09] [main/INFO] (Minecraft) Environment: authHost='https://authserver.mojang.com', accountsHost='https://api.mojang.com', sessionHost='https://sessionserver.mojang.com', servicesHost='https://api.minecraftservices.com', name='PROD'
[13:11:11] [main/ERROR] (Minecraft) Failed to verify authentication
com.mojang.authlib.exceptions.AuthenticationUnavailableException: null
	at com.mojang.authlib.yggdrasil.YggdrasilSocialInteractionsService.checkPrivileges(YggdrasilSocialInteractionsService.java:97) ~[authlib-2.1.28.jar:?]
	at com.mojang.authlib.yggdrasil.YggdrasilSocialInteractionsService.<init>(YggdrasilSocialInteractionsService.java:40) ~[authlib-2.1.28.jar:?]
	at com.mojang.authlib.yggdrasil.YggdrasilAuthenticationService.createSocialInteractionsService(YggdrasilAuthenticationService.java:152) ~[authlib-2.1.28.jar:?]
	at net.minecraft.client.MinecraftClient.method_31382(MinecraftClient.java:563) [minecraft-1.16.5-mapped-net.fabricmc.yarn-1.16.5+build.1-v2.jar:?]
	at net.minecraft.client.MinecraftClient.<init>(MinecraftClient.java:398) [minecraft-1.16.5-mapped-net.fabricmc.yarn-1.16.5+build.1-v2.jar:?]
	at net.minecraft.client.main.Main.main(Main.java:149) [minecraft-1.16.5-mapped-net.fabricmc.yarn-1.16.5+build.1-v2.jar:?]
	at jdk.internal.reflect.NativeMethodAccessorImpl.invoke0(Native Method) ~[?:?]
	at jdk.internal.reflect.NativeMethodAccessorImpl.invoke(NativeMethodAccessorImpl.java:64) ~[?:?]
	at jdk.internal.reflect.DelegatingMethodAccessorImpl.invoke(DelegatingMethodAccessorImpl.java:43) ~[?:?]
	at java.lang.reflect.Method.invoke(Method.java:564) ~[?:?]
	at net.fabricmc.loader.game.MinecraftGameProvider.launch(MinecraftGameProvider.java:226) [fabric-loader-0.11.0@net.fabricmc.yarn.1_16_5.1.16.5+build.1-v2.jar:?]
	at net.fabricmc.loader.launch.knot.Knot.init(Knot.java:139) [fabric-loader-0.11.0@net.fabricmc.yarn.1_16_5.1.16.5+build.1-v2.jar:?]
	at net.fabricmc.loader.launch.knot.KnotClient.main(KnotClient.java:27) [fabric-loader-0.11.0@net.fabricmc.yarn.1_16_5.1.16.5+build.1-v2.jar:?]
	at net.fabricmc.devlaunchinjector.Main.main(Main.java:86) [dev-launch-injector-0.2.1+build.8.jar:?]
[13:11:11] [main/INFO] (Minecraft) Setting user: Player610
[13:11:13] [main/INFO] (Manhunt Fabric) Initializing
[13:11:15] [main/INFO] (Indigo) [Indigo] Registering Indigo renderer!
[13:11:16] [main/INFO] (Minecraft) Backend library: LWJGL version 3.2.1 build 12
[13:11:21] [main/INFO] (Minecraft) Reloading ResourceManager: Default, Fabric Mods (Carpet Mod in Fabric, Fabric Renderer API (v1), Fabric Key Bindings (v0), Fabric Loader, Fabric Structure API (v1), Fabric Containers (v0), Fabric Object Builder API (v1), Fabric Game Rule API (v1), Fabric API Base, Fabric Rendering Data Attachment (v1), Manhunt Fabric, Fabric Textures (v0), Fabric Rendering Fluids (v1), Manhunt Base, Fabric BlockRenderLayer Registration (v1), Fabric Lifecycle Events (v1), Fabric Renderer Registries (v1), Fabric Loot Tables (v1), Fabric API, Fabric Particles (v1), Fabric Networking (v0), Fabric Screen Handler API (v1), Fabric Networking Block Entity (v0), Mod Menu, Fabric Command API (v1), Manhunt API, Fabric Tool Attribute API (v1), Fabric Renderer - Indigo, Fabric Crash Report Info (v1), Fabric Events Interaction (v0), Fabric Item API (v1), Fabric Language Kotlin, Fabric Entity Events (v1), Fabric Rendering (v0), Fabric Rendering (v1), Fabric Key Binding API (v1), Cloth Config v4, Auto Config v1 Updated, Fabric Resource Loader (v0), Fabric Content Registries (v0), Fabric Tag Extensions (v0), Fabric Biome API (v1), Fabric Commands (v0), Fabric Registry Sync (v0), Fabric Mining Levels (v0), Fabric Networking API (v1), Fabric Events Lifecycle (v0), Fabric Item Groups (v0), Fabric Models (v0), Fabric Object Builders (v0))
[13:11:22] [Realms Notification Availability checker #1/INFO] (Minecraft) Could not authorize you against Realms server: Invalid session id
[13:11:51] [main/INFO] (Minecraft) OpenAL initialized.
[13:11:51] [main/INFO] (Minecraft) Sound engine started
[13:11:53] [main/INFO] (Minecraft) Created: 1024x1024x4 minecraft:textures/atlas/blocks.png-atlas
[13:11:53] [main/INFO] (Minecraft) Created: 256x128x4 minecraft:textures/atlas/signs.png-atlas
[13:11:53] [main/INFO] (Minecraft) Created: 1024x512x4 minecraft:textures/atlas/banner_patterns.png-atlas
[13:11:53] [main/INFO] (Minecraft) Created: 1024x512x4 minecraft:textures/atlas/shield_patterns.png-atlas
[13:11:53] [main/INFO] (Minecraft) Created: 256x256x4 minecraft:textures/atlas/chest.png-atlas
[13:11:53] [main/INFO] (Minecraft) Created: 512x256x4 minecraft:textures/atlas/beds.png-atlas
[13:11:53] [main/INFO] (Minecraft) Created: 512x256x4 minecraft:textures/atlas/shulker_boxes.png-atlas
[13:11:55] [main/INFO] (Minecraft) Created: 256x256x0 minecraft:textures/atlas/particles.png-atlas
[13:11:55] [main/INFO] (Minecraft) Created: 256x256x0 minecraft:textures/atlas/paintings.png-atlas
[13:11:55] [main/INFO] (Minecraft) Created: 256x128x0 minecraft:textures/atlas/mob_effects.png-atlas
[13:14:59] [main/INFO] (Minecraft) Stopping!
